-------------------------------------------------------------------------------------------------------------------------------------------------------------------------------------------------------------------------------
      name:  <unnamed>
       log:  C:\Users\malkd\Desktop\Untitled.log
  log type:  text
 opened on:  10 Nov 2023, 17:30:14

. summarize CO2_emission Energy_intensity_per_capita Energy_intensity_by_GDP Income Densité Populationurbaine AvergSch GDP HdiIndex

    Variable |        Obs        Mean    Std. dev.       Min        Max
-------------+---------------------------------------------------------
CO2_emission |        177     197.983    917.7672   .0752821    10608.6
Energy_int~a |        177    85.87216    115.5869   1.087086   723.5819
Energy_int~P |        177    3.909823    2.433007   .7969083   17.70301
      Income |        177    19124.37    19820.65   766.4352   106546.1
     Densité |        177    196.3668    635.1637   2.075719   7965.878
-------------+---------------------------------------------------------
Population~e |        177    2.39e+07    7.83e+07      16272   8.49e+08
    AvergSch |        177    8.808836    3.187498      2.115      14.09
         GDP |        177    709.8555    2475.802    .234263   23128.34
    HdiIndex |        177    .7226215    .1502716       .393       .962

. regress CO2_emission Energy_intensity_per_capita

      Source |       SS           df       MS      Number of obs   =       177
-------------+----------------------------------   F(1, 175)       =      3.35
       Model |  2782953.03         1  2782953.03   Prob > F        =    0.0690
    Residual |   145461265       175  831207.227   R-squared       =    0.0188
-------------+----------------------------------   Adj R-squared   =    0.0132
       Total |   148244218       176  842296.692   Root MSE        =    911.71

---------------------------------------------------------------------------------------------
               CO2_emission | Coefficient  Std. err.      t    P>|t|     [95% conf. interval]
----------------------------+----------------------------------------------------------------
Energy_intensity_per_capita |   1.087897   .5945516     1.83   0.069    -.0855173    2.261311
                      _cons |   104.5629   85.45608     1.22   0.223    -64.09431    273.2201
---------------------------------------------------------------------------------------------

. regress  Energy_intensity_by_GDP

      Source |       SS           df       MS      Number of obs   =       177
-------------+----------------------------------   F(0, 176)       =      0.00
       Model |           0         0           .   Prob > F        =         .
    Residual |  1041.83577       176   5.9195214   R-squared       =    0.0000
-------------+----------------------------------   Adj R-squared   =    0.0000
       Total |  1041.83577       176   5.9195214   Root MSE        =     2.433

------------------------------------------------------------------------------
Energy_int~P | Coefficient  Std. err.      t    P>|t|     [95% conf. interval]
-------------+----------------------------------------------------------------
       _cons |   3.909823    .182876    21.38   0.000     3.548911    4.270735
------------------------------------------------------------------------------

. regress CO2_emission Energy_intensity_by_GDP

      Source |       SS           df       MS      Number of obs   =       177
-------------+----------------------------------   F(1, 175)       =      3.75
       Model |  3112173.94         1  3112173.94   Prob > F        =    0.0543
    Residual |   145132044       175  829325.965   R-squared       =    0.0210
-------------+----------------------------------   Adj R-squared   =    0.0154
       Total |   148244218       176  842296.692   Root MSE        =    910.67

-----------------------------------------------------------------------------------------
           CO2_emission | Coefficient  Std. err.      t    P>|t|     [95% conf. interval]
------------------------+----------------------------------------------------------------
Energy_intensity_by_GDP |    54.6553   28.21389     1.94   0.054    -1.027987    110.3386
                  _cons |  -15.70959   129.8231    -0.12   0.904    -271.9301    240.5109
-----------------------------------------------------------------------------------------

. regress CO2_emission Energy_intensity_per_capita Energy_intensity_by_GDP

      Source |       SS           df       MS      Number of obs   =       177
-------------+----------------------------------   F(2, 174)       =      2.27
       Model |  3770880.21         2  1885440.11   Prob > F        =    0.1063
    Residual |   144473338       174  830306.538   R-squared       =    0.0254
-------------+----------------------------------   Adj R-squared   =    0.0142
       Total |   148244218       176  842296.692   Root MSE        =    911.21

---------------------------------------------------------------------------------------------
               CO2_emission | Coefficient  Std. err.      t    P>|t|     [95% conf. interval]
----------------------------+----------------------------------------------------------------
Energy_intensity_per_capita |   .6422845   .7211087     0.89   0.374    -.7809617    2.065531
    Energy_intensity_by_GDP |   37.36883   34.25834     1.09   0.277    -30.24655    104.9842
                      _cons |  -3.276898   130.6477    -0.03   0.980    -261.1351    254.5813
---------------------------------------------------------------------------------------------

. regress CO2_emission Energy_intensity_per_capita Energy_intensity_by_GDP Income

      Source |       SS           df       MS      Number of obs   =       177
-------------+----------------------------------   F(3, 173)       =      1.65
       Model |  4128015.76         3  1376005.25   Prob > F        =    0.1793
    Residual |   144116202       173   833041.63   R-squared       =    0.0278
-------------+----------------------------------   Adj R-squared   =    0.0110
       Total |   148244218       176  842296.692   Root MSE        =    912.71

---------------------------------------------------------------------------------------------
               CO2_emission | Coefficient  Std. err.      t    P>|t|     [95% conf. interval]
----------------------------+----------------------------------------------------------------
Energy_intensity_per_capita |  -.2065092   1.483984    -0.14   0.889    -3.135554    2.722536
    Energy_intensity_by_GDP |   51.16259   40.26551     1.27   0.206    -28.31232    130.6375
                     Income |   .0047997   .0073305     0.65   0.513    -.0096689    .0192684
                      _cons |  -76.11157   171.7528    -0.44   0.658    -415.1124    262.8892
---------------------------------------------------------------------------------------------

. regress CO2_emission AvergSch

      Source |       SS           df       MS      Number of obs   =       177
-------------+----------------------------------   F(1, 175)       =      1.49
       Model |  1247628.61         1  1247628.61   Prob > F        =    0.2246
    Residual |   146996589       175   839980.51   R-squared       =    0.0084
-------------+----------------------------------   Adj R-squared   =    0.0027
       Total |   148244218       176  842296.692   Root MSE        =     916.5

------------------------------------------------------------------------------
CO2_emission | Coefficient  Std. err.      t    P>|t|     [95% conf. interval]
-------------+----------------------------------------------------------------
    AvergSch |   26.41414   21.67346     1.22   0.225    -16.36088    69.18916
       _cons |  -34.69484   202.9663    -0.17   0.864    -435.2717    365.8821
------------------------------------------------------------------------------

. log close
      name:  <unnamed>
       log:  C:\Users\malkd\Desktop\Untitled.log
  log type:  text
 closed on:  10 Nov 2023, 17:32:48
-------------------------------------------------------------------------------------------------------------------------------------------------------------------------------------------------------------------------------
